This is XeTeX, Version 3.14159265-2.6-0.99992 (TeX Live 2015/Arch Linux) (preloaded format=xelatex 2015.11.16)  6 FEB 2016 02:45
entering extended mode
 \write18 enabled.
 %&-line parsing enabled.
**source-code.tex
(./source-code.tex
LaTeX2e <2015/10/01> patch level 2
Babel <3.9m> and hyphenation patterns for 79 languages loaded.
(/usr/share/texmf-dist/tex/latex/base/article.cls
Document Class: article 2014/09/29 v1.4h Standard LaTeX document class
(/usr/share/texmf-dist/tex/latex/base/size10.clo
File: size10.clo 2014/09/29 v1.4h Standard LaTeX file (size option)
)
\c@part=\count79
\c@section=\count80
\c@subsection=\count81
\c@subsubsection=\count82
\c@paragraph=\count83
\c@subparagraph=\count84
\c@figure=\count85
\c@table=\count86
\abovecaptionskip=\skip41
\belowcaptionskip=\skip42
\bibindent=\dimen102
)
(/usr/share/texmf-dist/tex/latex/fontspec/fontspec.sty
Package: fontspec 2015/09/24 v2.4e Font selection for XeLaTeX and LuaLaTeX

(/usr/share/texmf-dist/tex/latex/l3kernel/expl3.sty
Package: expl3 2015/11/04 v6224 L3 programming layer (loader) 

(/usr/share/texmf-dist/tex/latex/l3kernel/expl3-code.tex
Package: expl3 2015/11/04 v6224 L3 programming layer (code) 
L3 Module: l3bootstrap 2015/10/18 v6213 L3 Bootstrap code
L3 Module: l3names 2015/11/03 v6220 L3 Namespace for primitives
L3 Module: l3basics 2015/09/22 v6033 L3 Basic definitions
L3 Module: l3expan 2015/09/10 v5983 L3 Argument expansion
L3 Module: l3tl 2015/09/29 v6121 L3 Token lists
L3 Module: l3str 2015/09/20 v6021 L3 Strings
L3 Module: l3seq 2015/08/05 v5777 L3 Sequences and stacks
L3 Module: l3int 2015/09/25 v6089 L3 Integers
\c_max_int=\count87
\l_tmpa_int=\count88
\l_tmpb_int=\count89
\g_tmpa_int=\count90
\g_tmpb_int=\count91
L3 Module: l3quark 2015/08/17 v5855 L3 Quarks
L3 Module: l3prg 2015/11/01 v6216 L3 Control structures
\g__prg_map_int=\count92
L3 Module: l3clist 2015/09/02 v5901 L3 Comma separated lists
L3 Module: l3token 2015/09/28 v6114 L3 Experimental token manipulation
L3 Module: l3prop 2015/08/05 v5777 L3 Property lists
L3 Module: l3msg 2015/09/28 v6113 L3 Messages
L3 Module: l3file 2015/09/23 v6037 L3 File and I/O operations
\l_iow_line_count_int=\count93
\l__iow_target_count_int=\count94
\l__iow_current_line_int=\count95
\l__iow_current_word_int=\count96
\l__iow_current_indentation_int=\count97
L3 Module: l3skip 2015/09/25 v6089 L3 Dimensions and skips
\c_zero_dim=\dimen103
\c_max_dim=\dimen104
\l_tmpa_dim=\dimen105
\l_tmpb_dim=\dimen106
\g_tmpa_dim=\dimen107
\g_tmpb_dim=\dimen108
\c_zero_skip=\skip43
\c_max_skip=\skip44
\l_tmpa_skip=\skip45
\l_tmpb_skip=\skip46
\g_tmpa_skip=\skip47
\g_tmpb_skip=\skip48
\c_zero_muskip=\muskip10
\c_max_muskip=\muskip11
\l_tmpa_muskip=\muskip12
\l_tmpb_muskip=\muskip13
\g_tmpa_muskip=\muskip14
\g_tmpb_muskip=\muskip15
L3 Module: l3keys 2015/09/23 v6037 L3 Key-value interfaces
\g__keyval_level_int=\count98
\l_keys_choice_int=\count99
L3 Module: l3fp 2015/08/25 v5890 L3 Floating points
\c__fp_leading_shift_int=\count100
\c__fp_middle_shift_int=\count101
\c__fp_trailing_shift_int=\count102
\c__fp_big_leading_shift_int=\count103
\c__fp_big_middle_shift_int=\count104
\c__fp_big_trailing_shift_int=\count105
\c__fp_Bigg_leading_shift_int=\count106
\c__fp_Bigg_middle_shift_int=\count107
\c__fp_Bigg_trailing_shift_int=\count108
L3 Module: l3box 2015/08/09 v5822 L3 Experimental boxes
\c_empty_box=\box26
\l_tmpa_box=\box27
\l_tmpb_box=\box28
\g_tmpa_box=\box29
\g_tmpb_box=\box30
L3 Module: l3coffins 2015/08/06 v5789 L3 Coffin code layer
\l__coffin_internal_box=\box31
\l__coffin_internal_dim=\dimen109
\l__coffin_offset_x_dim=\dimen110
\l__coffin_offset_y_dim=\dimen111
\l__coffin_x_dim=\dimen112
\l__coffin_y_dim=\dimen113
\l__coffin_x_prime_dim=\dimen114
\l__coffin_y_prime_dim=\dimen115
\c_empty_coffin=\box32
\l__coffin_aligned_coffin=\box33
\l__coffin_aligned_internal_coffin=\box34
\l_tmpa_coffin=\box35
\l_tmpb_coffin=\box36
\l__coffin_display_coffin=\box37
\l__coffin_display_coord_coffin=\box38
\l__coffin_display_pole_coffin=\box39
\l__coffin_display_offset_dim=\dimen116
\l__coffin_display_x_dim=\dimen117
\l__coffin_display_y_dim=\dimen118
L3 Module: l3color 2014/08/23 v5354 L3 Experimental color support
L3 Module: l3candidates 2015/11/01 v6216 L3 Experimental additions to l3kernel
\l__box_top_dim=\dimen119
\l__box_bottom_dim=\dimen120
\l__box_left_dim=\dimen121
\l__box_right_dim=\dimen122
\l__box_top_new_dim=\dimen123
\l__box_bottom_new_dim=\dimen124
\l__box_left_new_dim=\dimen125
\l__box_right_new_dim=\dimen126
\l__box_internal_box=\box40
\l__coffin_bounding_shift_dim=\dimen127
\l__coffin_left_corner_dim=\dimen128
\l__coffin_right_corner_dim=\dimen129
\l__coffin_bottom_corner_dim=\dimen130
\l__coffin_top_corner_dim=\dimen131
\l__coffin_scaled_total_height_dim=\dimen132
\l__coffin_scaled_width_dim=\dimen133
L3 Module: l3sys 2015/09/25 v6087 L3 Experimental system/runtime functions
L3 Module: l3luatex 2015/09/10 v5983 L3 Experimental LuaTeX-specific functions
)
(/usr/share/texmf-dist/tex/latex/l3kernel/l3unicode-data.def
File: l3unicode-data.def 2015/07/20 v5676 L3 Unicode data
)
(/usr/share/texmf-dist/tex/latex/l3kernel/l3xdvipdfmx.def
File: l3xdvidpfmx.def 2015/09/10 v5983 L3 Experimental driver: xdvipdfmx
))
(/usr/share/texmf-dist/tex/latex/l3packages/xparse/xparse.sty
Package: xparse 2015/11/04 v6224 L3 Experimental document command parser
\l__xparse_current_arg_int=\count109
\l__xparse_m_args_int=\count110
\l__xparse_mandatory_args_int=\count111
\l__xparse_processor_int=\count112
\l__xparse_v_nesting_int=\count113
)
\l_fontspec_script_int=\count114
\l_fontspec_language_int=\count115
\l_fontspec_strnum_int=\count116
\l__fontspec_tmpa_dim=\dimen134
\l__fontspec_tmpb_dim=\dimen135
\l__fontspec_tmpc_dim=\dimen136

(/usr/share/texmf-dist/tex/latex/fontspec/fontspec-patches.sty
Package: fontspec-patches 2015/09/24 v2.4e Font selection for XeLaTeX and LuaLa
TeX
LaTeX Info: Redefining \em on input line 49.
LaTeX Info: Redefining \emph on input line 57.
LaTeX Info: Redefining \- on input line 60.
.................................................
. LaTeX info: "xparse/redefine-command"
. 
. Redefining command \oldstylenums with sig. 'm' on line 155.
.................................................
.................................................
. LaTeX info: "xparse/define-command"
. 
. Defining command \liningnums with sig. 'm' on line 159.
.................................................
)
(/usr/share/texmf-dist/tex/latex/fontspec/fontspec-xetex.sty
Package: fontspec-xetex 2015/09/24 v2.4e Font selection for XeLaTeX and LuaLaTe
X

(/usr/share/texmf-dist/tex/latex/base/fontenc.sty
Package: fontenc 2005/09/27 v1.99g Standard LaTeX package

(/usr/share/texmf-dist/tex/latex/euenc/eu1enc.def
File: eu1enc.def 2010/05/27 v0.1h Experimental Unicode font encodings
)
LaTeX Font Info:    Try loading font information for EU1+lmr on input line 105.


(/usr/share/texmf-dist/tex/latex/euenc/eu1lmr.fd
File: eu1lmr.fd 2009/10/30 v1.6 Font defs for Latin Modern
))
(/usr/share/texmf-dist/tex/xelatex/xunicode/xunicode.sty
File: xunicode.sty 2011/09/09 v0.981 provides access to latin accents and many 
other characters in Unicode lower plane

(/usr/share/texmf-dist/tex/latex/tipa/t3enc.def
File: t3enc.def 2001/12/31 T3 encoding
LaTeX Font Info:    Try loading font information for EU1+lmss on input line 357
.

(/usr/share/texmf-dist/tex/latex/euenc/eu1lmss.fd
File: eu1lmss.fd 2009/10/30 v1.6 Font defs for Latin Modern
))
\tipaTiiicode=\count117
\tipasavetokens=\toks14
\tipachecktokens=\toks15

(/usr/share/texmf-dist/tex/latex/graphics/graphicx.sty
Package: graphicx 2014/10/28 v1.0g Enhanced LaTeX Graphics (DPC,SPQR)

(/usr/share/texmf-dist/tex/latex/graphics/keyval.sty
Package: keyval 2014/10/28 v1.15 key=value parser (DPC)
\KV@toks@=\toks16
)
(/usr/share/texmf-dist/tex/latex/graphics/graphics.sty
Package: graphics 2014/10/28 v1.0p Standard LaTeX Graphics (DPC,SPQR)

(/usr/share/texmf-dist/tex/latex/graphics/trig.sty
Package: trig 1999/03/16 v1.09 sin cos tan (DPC)
)
(/usr/share/texmf-dist/tex/latex/latexconfig/graphics.cfg
File: graphics.cfg 2010/04/23 v1.9 graphics configuration of TeX Live
)
Package graphics Info: Driver file: xetex.def on input line 94.

(/usr/share/texmf-dist/tex/xelatex/xetex-def/xetex.def
File: xetex.def 2015/09/11 v4.06 LaTeX color/graphics driver for XeTeX (TeX Liv
e/RRM/JK)

(/usr/share/texmf-dist/tex/generic/oberdiek/infwarerr.sty
Package: infwarerr 2010/04/08 v1.3 Providing info/warning/error messages (HO)
)
(/usr/share/texmf-dist/tex/generic/oberdiek/ltxcmds.sty
Package: ltxcmds 2011/11/09 v1.22 LaTeX kernel commands for general use (HO)
)))
\Gin@req@height=\dimen137
\Gin@req@width=\dimen138
))
.................................................
. LaTeX info: "xparse/define-command"
. 
. Defining command \__fontspec_post_arg:w with sig. 'mmO{}' on line 42.
.................................................
.................................................
. LaTeX info: "xparse/define-command"
. 
. Defining command \fontspec with sig. 'om' on line 44.
.................................................
.................................................
. LaTeX info: "xparse/define-command"
. 
. Defining command \setmainfont with sig. 'om' on line 54.
.................................................
.................................................
. LaTeX info: "xparse/define-command"
. 
. Defining command \setsansfont with sig. 'om' on line 64.
.................................................
.................................................
. LaTeX info: "xparse/define-command"
. 
. Defining command \setmonofont with sig. 'om' on line 74.
.................................................
.................................................
. LaTeX info: "xparse/define-command"
. 
. Defining command \setmathrm with sig. 'om' on line 88.
.................................................
.................................................
. LaTeX info: "xparse/define-command"
. 
. Defining command \setboldmathrm with sig. 'om' on line 96.
.................................................
.................................................
. LaTeX info: "xparse/define-command"
. 
. Defining command \setmathsf with sig. 'om' on line 104.
.................................................
.................................................
. LaTeX info: "xparse/define-command"
. 
. Defining command \setmathtt with sig. 'om' on line 112.
.................................................
.................................................
. LaTeX info: "xparse/define-command"
. 
. Defining command \newfontfamily with sig. 'mom' on line 126.
.................................................
.................................................
. LaTeX info: "xparse/define-command"
. 
. Defining command \newfontface with sig. 'mom' on line 141.
.................................................
.................................................
. LaTeX info: "xparse/define-command"
. 
. Defining command \defaultfontfeatures with sig. 't+om' on line 155.
.................................................
.................................................
. LaTeX info: "xparse/define-command"
. 
. Defining command \addfontfeatures with sig. 'm' on line 210.
.................................................
.................................................
. LaTeX info: "xparse/define-command"
. 
. Defining command \newfontfeature with sig. 'mm' on line 221.
.................................................
.................................................
. LaTeX info: "xparse/define-command"
. 
. Defining command \newAATfeature with sig. 'mmmm' on line 229.
.................................................
.................................................
. LaTeX info: "xparse/define-command"
. 
. Defining command \newopentypefeature with sig. 'mmm' on line 237.
.................................................
.................................................
. LaTeX info: "xparse/define-command"
. 
. Defining command \aliasfontfeature with sig. 'mm' on line 258.
.................................................
.................................................
. LaTeX info: "xparse/define-command"
. 
. Defining command \aliasfontfeatureoption with sig. 'mmm' on line 267.
.................................................
.................................................
. LaTeX info: "xparse/define-command"
. 
. Defining command \newfontscript with sig. 'mm' on line 272.
.................................................
.................................................
. LaTeX info: "xparse/define-command"
. 
. Defining command \newfontlanguage with sig. 'mm' on line 298.
.................................................
.................................................
. LaTeX info: "xparse/define-command"
. 
. Defining command \DeclareFontsExtensions with sig. 'm' on line 318.
.................................................
\l__fontspec_tmp_int=\count118
LaTeX Info: Redefining \itshape on input line 2227.
LaTeX Info: Redefining \slshape on input line 2232.
LaTeX Info: Redefining \scshape on input line 2237.
LaTeX Info: Redefining \upshape on input line 2242.

(/usr/share/texmf-dist/tex/latex/fontspec/fontspec.cfg)))
(/usr/share/texmf-dist/tex/latex/xltxtra/xltxtra.sty
Package: xltxtra 2010/09/20 v0.5e Improvements for the "XeLaTeX" format

(/usr/share/texmf-dist/tex/generic/oberdiek/ifluatex.sty
Package: ifluatex 2010/03/01 v1.3 Provides the ifluatex switch (HO)
Package ifluatex Info: LuaTeX not detected.
)
(/usr/share/texmf-dist/tex/generic/ifxetex/ifxetex.sty
Package: ifxetex 2010/09/12 v0.6 Provides ifxetex conditional
)
(/usr/share/texmf-dist/tex/latex/realscripts/realscripts.sty
Package: realscripts 2013/03/18 v0.3c Access OpenType subscripts and superscrip
ts
.................................................
. LaTeX info: "xparse/define-command"
. 
. Defining command \fakesubscript with sig. 'm' on line 19.
.................................................
.................................................
. LaTeX info: "xparse/define-command"
. 
. Defining command \fakesuperscript with sig. 'm' on line 22.
.................................................
.................................................
. LaTeX info: "xparse/redefine-command"
. 
. Redefining command \textsubscript with sig. 's' on line 25.
.................................................
.................................................
. LaTeX info: "xparse/redefine-command"
. 
. Redefining command \textsuperscript with sig. 's' on line 28.
.................................................
.................................................
. LaTeX info: "xparse/define-command"
. 
. Defining command \realsubscript with sig. 'm' on line 45.
.................................................
.................................................
. LaTeX info: "xparse/define-command"
. 
. Defining command \realsuperscript with sig. 'm' on line 60.
.................................................
.................................................
. LaTeX info: "xparse/define-command"
. 
. Defining command \textsubsuperscript with sig. 'sO{l}mm' on line 138.
.................................................
.................................................
. LaTeX info: "xparse/define-command"
. 
. Defining command \textsupersubscript with sig. 'sO{l}mm' on line 143.
.................................................
\subsupersep=\dimen139
)
(/usr/share/texmf-dist/tex/latex/metalogo/metalogo.sty
Package: metalogo 2010/05/29 v0.12 Extended TeX logo macros
\xl@everylogo=\toks17
\xl@@everylogo=\toks18
LaTeX Info: Redefining \TeX on input line 193.
LaTeX Info: Redefining \LaTeX on input line 202.
LaTeX Info: Redefining \LaTeXe on input line 219.
)
\xxt@tempbox=\box41
)
(/usr/share/texmf-dist/tex/latex/microtype/microtype.sty
Package: microtype 2013/05/23 v2.5a Micro-typographical refinements (RS)
\MT@toks=\toks19
\MT@count=\count119
LaTeX Info: Redefining \textls on input line 766.
\MT@outer@kern=\dimen140
LaTeX Info: Redefining \textmicrotypecontext on input line 1285.
\MT@listname@count=\count120

(/usr/share/texmf-dist/tex/latex/microtype/microtype-xetex.def
File: microtype-xetex.def 2013/05/23 v2.5a Definitions specific to xetex (RS)
LaTeX Info: Redefining \lsstyle on input line 254.
)
Package microtype Info: Loading configuration file microtype.cfg.

(/usr/share/texmf-dist/tex/latex/microtype/microtype.cfg
File: microtype.cfg 2013/05/23 v2.5a microtype main configuration file (RS)
))
(/usr/share/texmf-dist/tex/latex/geometry/geometry.sty
Package: geometry 2010/09/12 v5.6 Page Geometry

(/usr/share/texmf-dist/tex/generic/oberdiek/ifpdf.sty
Package: ifpdf 2011/01/30 v2.3 Provides the ifpdf switch (HO)
Package ifpdf Info: pdfTeX in PDF mode is not detected.
)
(/usr/share/texmf-dist/tex/generic/oberdiek/ifvtex.sty
Package: ifvtex 2010/03/01 v1.5 Detect VTeX and its facilities (HO)
Package ifvtex Info: VTeX not detected.
)
\Gm@cnth=\count121
\Gm@cntv=\count122
\c@Gm@tempcnt=\count123
\Gm@bindingoffset=\dimen141
\Gm@wd@mp=\dimen142
\Gm@odd@mp=\dimen143
\Gm@even@mp=\dimen144
\Gm@layoutwidth=\dimen145
\Gm@layoutheight=\dimen146
\Gm@layouthoffset=\dimen147
\Gm@layoutvoffset=\dimen148
\Gm@dimlist=\toks20
)
(/usr/share/texmf-dist/tex/latex/amsmath/amsmath.sty
Package: amsmath 2013/01/14 v2.14 AMS math features
\@mathmargin=\skip49

For additional information on amsmath, use the `?' option.
(/usr/share/texmf-dist/tex/latex/amsmath/amstext.sty
Package: amstext 2000/06/29 v2.01

(/usr/share/texmf-dist/tex/latex/amsmath/amsgen.sty
File: amsgen.sty 1999/11/30 v2.0
\@emptytoks=\toks21
\ex@=\dimen149
))
(/usr/share/texmf-dist/tex/latex/amsmath/amsbsy.sty
Package: amsbsy 1999/11/29 v1.2d
\pmbraise@=\dimen150
)
(/usr/share/texmf-dist/tex/latex/amsmath/amsopn.sty
Package: amsopn 1999/12/14 v2.01 operator names
)
\inf@bad=\count124
LaTeX Info: Redefining \frac on input line 210.
\uproot@=\count125
\leftroot@=\count126
LaTeX Info: Redefining \overline on input line 306.
\classnum@=\count127
\DOTSCASE@=\count128
LaTeX Info: Redefining \ldots on input line 378.
LaTeX Info: Redefining \dots on input line 381.
LaTeX Info: Redefining \cdots on input line 466.
\Mathstrutbox@=\box42
\strutbox@=\box43
\big@size=\dimen151
LaTeX Font Info:    Redeclaring font encoding OML on input line 566.
LaTeX Font Info:    Redeclaring font encoding OMS on input line 567.
\macc@depth=\count129
\c@MaxMatrixCols=\count130
\dotsspace@=\muskip16
\c@parentequation=\count131
\dspbrk@lvl=\count132
\tag@help=\toks22
\row@=\count133
\column@=\count134
\maxfields@=\count135
\andhelp@=\toks23
\eqnshift@=\dimen152
\alignsep@=\dimen153
\tagshift@=\dimen154
\tagwidth@=\dimen155
\totwidth@=\dimen156
\lineht@=\dimen157
\@envbody=\toks24
\multlinegap=\skip50
\multlinetaggap=\skip51
\mathdisplay@stack=\toks25
LaTeX Info: Redefining \[ on input line 2665.
LaTeX Info: Redefining \] on input line 2666.
)
(/usr/share/texmf-dist/tex/latex/minted/minted.sty
Package: minted 2015/09/09 v2.1 Yet another Pygments shim for LaTeX

(/usr/share/texmf-dist/tex/latex/oberdiek/kvoptions.sty
Package: kvoptions 2011/06/30 v3.11 Key value format for package options (HO)

(/usr/share/texmf-dist/tex/generic/oberdiek/kvsetkeys.sty
Package: kvsetkeys 2012/04/25 v1.16 Key value parser (HO)

(/usr/share/texmf-dist/tex/generic/oberdiek/etexcmds.sty
Package: etexcmds 2011/02/16 v1.5 Avoid name clashes with e-TeX commands (HO)
Package etexcmds Info: Could not find \expanded.
(etexcmds)             That can mean that you are not using pdfTeX 1.50 or
(etexcmds)             that some package has redefined \expanded.
(etexcmds)             In the latter case, load this package earlier.
)))
(/usr/share/texmf-dist/tex/latex/fancyvrb/fancyvrb.sty
Package: fancyvrb 2008/02/07

Style option: `fancyvrb' v2.7a, with DG/SPQR fixes, and firstline=lastline fix 
<2008/02/07> (tvz)
\FV@CodeLineNo=\count136
\FV@InFile=\read1
\FV@TabBox=\box44
\c@FancyVerbLine=\count137
\FV@StepNumber=\count138
\FV@OutFile=\write3
) (/usr/share/texmf-dist/tex/latex/float/float.sty
Package: float 2001/11/08 v1.3d Float enhancements (AL)
\c@float@type=\count139
\float@exts=\toks26
\float@box=\box45
\@float@everytoks=\toks27
\@floatcapt=\box46
)
(/usr/share/texmf-dist/tex/latex/base/ifthen.sty
Package: ifthen 2014/09/29 v1.1c Standard LaTeX ifthen package (DPC)
)
(/usr/share/texmf-dist/tex/latex/tools/calc.sty
Package: calc 2014/10/28 v4.3 Infix arithmetic (KKT,FJ)
\calc@Acount=\count140
\calc@Bcount=\count141
\calc@Adimen=\dimen158
\calc@Bdimen=\dimen159
\calc@Askip=\skip52
\calc@Bskip=\skip53
LaTeX Info: Redefining \setlength on input line 80.
LaTeX Info: Redefining \addtolength on input line 81.
\calc@Ccount=\count142
\calc@Cskip=\skip54
)
(/usr/share/texmf-dist/tex/latex/ifplatform/ifplatform.sty
Package: ifplatform 2010/10/22 v0.4 Testing for the operating system

(/usr/share/texmf-dist/tex/generic/oberdiek/pdftexcmds.sty
Package: pdftexcmds 2011/11/29 v0.20 Utility functions of pdfTeX for LuaTeX (HO
)
Package pdftexcmds Info: LuaTeX not detected.
Package pdftexcmds Info: pdfTeX >= 1.30 not detected.
Package pdftexcmds Info: \pdf@primitive is available.
Package pdftexcmds Info: \pdf@ifprimitive is available.
Package pdftexcmds Info: \pdfdraftmode not found.
)
(/usr/share/texmf-dist/tex/generic/oberdiek/catchfile.sty
Package: catchfile 2011/03/01 v1.6 Catch the contents of a file (HO)
)
runsystem(uname -s > "source-code.w18")...executed.

 (./source-code.w18)
runsystem(rm -- "source-code.w18")...executed.

) (/usr/share/texmf-dist/tex/latex/etoolbox/etoolbox.sty
Package: etoolbox 2015/08/02 v2.2a e-TeX tools for LaTeX (JAW)
\etb@tempcnta=\count143
)
(/usr/share/texmf-dist/tex/generic/xstring/xstring.sty
(/usr/share/texmf-dist/tex/generic/xstring/xstring.tex
\@xs@message=\write4
\integerpart=\count144
\decimalpart=\count145
)
Package: xstring 2013/10/13  v1.7c  String manipulations (C Tellechea)
)
(/usr/share/texmf-dist/tex/latex/lineno/lineno.sty
Package: lineno 2005/11/02 line numbers on paragraphs v4.41
Invalid UTF-8 byte or sequence at line 296 replaced by U+FFFD.
\linenopenalty=\count146
\output=\toks28
\linenoprevgraf=\count147
\linenumbersep=\dimen160
\linenumberwidth=\dimen161
\c@linenumber=\count148
\c@pagewiselinenumber=\count149
\c@LN@truepage=\count150
\c@internallinenumber=\count151
\c@internallinenumbers=\count152
\quotelinenumbersep=\dimen162
\bframerule=\dimen163
\bframesep=\dimen164
\bframebox=\box47
LaTeX Info: Redefining \\ on input line 3056.
)
\minted@appexistsfile=\read2
\FV@BreakIndent=\dimen165
\FV@BreakSymbolSepLeft=\dimen166
\FV@BreakSymbolSepRight=\dimen167
\FV@BreakSymbolIndentLeft=\dimen168
LaTeX Font Info:    Try loading font information for EU1+lmtt on input line 688
.

(/usr/share/texmf-dist/tex/latex/euenc/eu1lmtt.fd
File: eu1lmtt.fd 2009/10/30 v1.6 Font defs for Latin Modern
)
\FV@BreakSymbolIndentRight=\dimen169
\c@FancyVerbLineBreakLast=\count153
\FV@LineBox=\box48
\FV@LineIndentBox=\box49
\minted@bgbox=\box50
\minted@code=\write5
\c@minted@FancyVerbLineTemp=\count154
\@float@every@listing=\toks29
\c@listing=\count155
)
runsystem(mkdir -p "_minted-source-code")...executed.


(./_minted-source-code/default.pygstyle)
\g__file_internal_ior=\read3
\g__fontspec_family_TimesNewRoman_int=\count156
.................................................
. fontspec info: "defining-font"
. 
. Font family 'TimesNewRoman(0)' created for font 'Times New Roman' with
. options [Ligatures=TeX].
. 
. This font family consists of the following shapes:
. 
. * 'normal' with NFSS spec.:
. <->"Times New Roman/OT:script=latn;language=DFLT;mapping=tex-text;"
. 
. * 'small caps' with NFSS spec.:
. <->"Times New Roman/OT:script=latn;language=DFLT;mapping=tex-text;+smcp;"
. and font adjustment code:
. 
. 
. * 'bold' with NFSS spec.:
. <->"Times New Roman/B/OT:script=latn;language=DFLT;mapping=tex-text;"
. 
. * 'bold small caps' with NFSS spec.:
. <->"Times New Roman/B/OT:script=latn;language=DFLT;mapping=tex-text;+smcp;"
. and font adjustment code:
. 
. 
. * 'italic' with NFSS spec.:
. <->"Times New Roman/I/OT:script=latn;language=DFLT;mapping=tex-text;"
. 
. * 'small caps' with NFSS spec.:
. <->"Times New Roman/I/OT:script=latn;language=DFLT;mapping=tex-text;+smcp;"
. and font adjustment code:
. 
. 
. * 'bold italic' with NFSS spec.:
. <->"Times New Roman/BI/OT:script=latn;language=DFLT;mapping=tex-text;"
. 
. * 'bold small caps' with NFSS spec.:
. <->"Times New Roman/BI/OT:script=latn;language=DFLT;mapping=tex-text;+smcp;"
. and font adjustment code:
. 
.................................................
.................................................
. fontspec info: "no-scripts"
. 
. Font Inconsolata does not contain any OpenType `Script' information.
.................................................
\g__fontspec_family_Inconsolata_int=\count157
.................................................
. fontspec info: "no-font-shape"
. 
. Could not resolve font Inconsolata/I (it probably doesn't exist).
.................................................
.................................................
. fontspec info: "defining-font"
. 
. Font family 'Inconsolata(0)' created for font 'Inconsolata' with options
. [WordSpace={1,0,0},PunctuationSpace=WordSpace].
. 
. This font family consists of the following shapes:
. 
. * 'normal' with NFSS spec.:
. <->"Inconsolata/OT:"
. 
. * 'small caps' with NFSS spec.:
. 
. and font adjustment code:
. \fontdimen 2\font =1\fontdimen 2\font \fontdimen 3\font =0\fontdimen 3\font
. \fontdimen 4\font =0\fontdimen 4\font \fontdimen 7\font =0\fontdimen 2\font 
. 
. * 'bold' with NFSS spec.:
. <->"Inconsolata/B/OT:"
. 
. * 'bold small caps' with NFSS spec.:
. 
. and font adjustment code:
. \fontdimen 2\font =1\fontdimen 2\font \fontdimen 3\font =0\fontdimen 3\font
. \fontdimen 4\font =0\fontdimen 4\font \fontdimen 7\font =0\fontdimen 2\font 
. 
. * 'bold italic' with NFSS spec.:
. <->"Inconsolata/BI/OT:"
. 
. * 'bold small caps' with NFSS spec.:
. 
. and font adjustment code:
. \fontdimen 2\font =1\fontdimen 2\font \fontdimen 3\font =0\fontdimen 3\font
. \fontdimen 4\font =0\fontdimen 4\font \fontdimen 7\font =0\fontdimen 2\font 
.................................................

(/usr/share/texmf-dist/tex/latex/fancyhdr/fancyhdr.sty
\fancy@headwidth=\skip55
\f@ncyO@elh=\skip56
\f@ncyO@erh=\skip57
\f@ncyO@olh=\skip58
\f@ncyO@orh=\skip59
\f@ncyO@elf=\skip60
\f@ncyO@erf=\skip61
\f@ncyO@olf=\skip62
\f@ncyO@orf=\skip63
)
runsystem(which "pygmentize" && touch "source-code.aex")...executed.

runsystem(rm "source-code.aex")...executed.

 (./source-code.aux)
\openout1 = `source-code.aux'.

LaTeX Font Info:    Checking defaults for OML/cmm/m/it on input line 36.
LaTeX Font Info:    ... okay on input line 36.
LaTeX Font Info:    Checking defaults for T1/cmr/m/n on input line 36.
LaTeX Font Info:    ... okay on input line 36.
LaTeX Font Info:    Checking defaults for OT1/cmr/m/n on input line 36.
LaTeX Font Info:    ... okay on input line 36.
LaTeX Font Info:    Checking defaults for OMS/cmsy/m/n on input line 36.
LaTeX Font Info:    ... okay on input line 36.
LaTeX Font Info:    Checking defaults for OMX/cmex/m/n on input line 36.
LaTeX Font Info:    ... okay on input line 36.
LaTeX Font Info:    Checking defaults for U/cmr/m/n on input line 36.
LaTeX Font Info:    ... okay on input line 36.
LaTeX Font Info:    Checking defaults for EU1/lmr/m/n on input line 36.
LaTeX Font Info:    ... okay on input line 36.
LaTeX Font Info:    Checking defaults for T3/cmr/m/n on input line 36.
LaTeX Font Info:    Try loading font information for T3+cmr on input line 36.

(/usr/share/texmf-dist/tex/latex/tipa/t3cmr.fd
File: t3cmr.fd 2001/12/31 TIPA font definitions
)
LaTeX Font Info:    ... okay on input line 36.
.................................................
. fontspec info: "setup-math"
. 
. Adjusting the maths setup (use [no-math] to avoid this).
.................................................
\symlegacymaths=\mathgroup4
LaTeX Font Info:    Overwriting symbol font `legacymaths' in version `bold'
(Font)                  OT1/cmr/m/n --> OT1/cmr/bx/n on input line 36.
LaTeX Font Info:    Redeclaring math accent \acute on input line 36.
LaTeX Font Info:    Redeclaring math accent \grave on input line 36.
LaTeX Font Info:    Redeclaring math accent \ddot on input line 36.
LaTeX Font Info:    Redeclaring math accent \tilde on input line 36.
LaTeX Font Info:    Redeclaring math accent \bar on input line 36.
LaTeX Font Info:    Redeclaring math accent \breve on input line 36.
LaTeX Font Info:    Redeclaring math accent \check on input line 36.
LaTeX Font Info:    Redeclaring math accent \hat on input line 36.
LaTeX Font Info:    Redeclaring math accent \dot on input line 36.
LaTeX Font Info:    Redeclaring math accent \mathring on input line 36.
LaTeX Font Info:    Redeclaring math symbol \Gamma on input line 36.
LaTeX Font Info:    Redeclaring math symbol \Delta on input line 36.
LaTeX Font Info:    Redeclaring math symbol \Theta on input line 36.
LaTeX Font Info:    Redeclaring math symbol \Lambda on input line 36.
LaTeX Font Info:    Redeclaring math symbol \Xi on input line 36.
LaTeX Font Info:    Redeclaring math symbol \Pi on input line 36.
LaTeX Font Info:    Redeclaring math symbol \Sigma on input line 36.
LaTeX Font Info:    Redeclaring math symbol \Upsilon on input line 36.
LaTeX Font Info:    Redeclaring math symbol \Phi on input line 36.
LaTeX Font Info:    Redeclaring math symbol \Psi on input line 36.
LaTeX Font Info:    Redeclaring math symbol \Omega on input line 36.
LaTeX Font Info:    Redeclaring math symbol \mathdollar on input line 36.
LaTeX Font Info:    Redeclaring symbol font `operators' on input line 36.
LaTeX Font Info:    Encoding `OT1' has changed to `EU1' for symbol font
(Font)              `operators' in the math version `normal' on input line 36.
LaTeX Font Info:    Overwriting symbol font `operators' in version `normal'
(Font)                  OT1/cmr/m/n --> EU1/TimesNewRoman(0)/m/n on input line 
36.
LaTeX Font Info:    Encoding `OT1' has changed to `EU1' for symbol font
(Font)              `operators' in the math version `bold' on input line 36.
LaTeX Font Info:    Overwriting symbol font `operators' in version `bold'
(Font)                  OT1/cmr/bx/n --> EU1/TimesNewRoman(0)/m/n on input line
 36.
LaTeX Font Info:    Overwriting symbol font `operators' in version `normal'
(Font)                  EU1/TimesNewRoman(0)/m/n --> EU1/TimesNewRoman(0)/m/n o
n input line 36.
LaTeX Font Info:    Overwriting math alphabet `\mathit' in version `normal'
(Font)                  OT1/cmr/m/it --> EU1/TimesNewRoman(0)/m/it on input lin
e 36.
LaTeX Font Info:    Overwriting math alphabet `\mathbf' in version `normal'
(Font)                  OT1/cmr/bx/n --> EU1/TimesNewRoman(0)/bx/n on input lin
e 36.
LaTeX Font Info:    Overwriting math alphabet `\mathsf' in version `normal'
(Font)                  OT1/cmss/m/n --> EU1/lmss/m/n on input line 36.
LaTeX Font Info:    Overwriting math alphabet `\mathtt' in version `normal'
(Font)                  OT1/cmtt/m/n --> EU1/Inconsolata(0)/m/n on input line 3
6.
LaTeX Font Info:    Overwriting symbol font `operators' in version `bold'
(Font)                  EU1/TimesNewRoman(0)/m/n --> EU1/TimesNewRoman(0)/bx/n 
on input line 36.
LaTeX Font Info:    Overwriting math alphabet `\mathit' in version `bold'
(Font)                  OT1/cmr/bx/it --> EU1/TimesNewRoman(0)/bx/it on input l
ine 36.
LaTeX Font Info:    Overwriting math alphabet `\mathsf' in version `bold'
(Font)                  OT1/cmss/bx/n --> EU1/lmss/bx/n on input line 36.
LaTeX Font Info:    Overwriting math alphabet `\mathtt' in version `bold'
(Font)                  OT1/cmtt/m/n --> EU1/Inconsolata(0)/bx/n on input line 
36.
LaTeX Info: Redefining \microtypecontext on input line 36.
Package microtype Info: Character protrusion enabled (level 2).
Package microtype Info: Using default protrusion set `alltext'.
Package microtype Info: No adjustment of tracking.
Package microtype Info: No adjustment of spacing.
Package microtype Info: No adjustment of kerning.
Package microtype Info: Loading generic settings for font family
(microtype)             `TimesNewRoman' (encoding: EU1).
(microtype)             For optimal results, create family-specific settings.
(microtype)             See the microtype manual for details.

*geometry* driver: auto-detecting
*geometry* detected driver: xetex
*geometry* verbose mode - [ preamble ] result:
* driver: xetex
* paper: letterpaper
* layout: <same size as paper>
* layoutoffset:(h,v)=(0.0pt,0.0pt)
* modes: 
* h-part:(L,W,R)=(36.135pt, 542.02501pt, 36.135pt)
* v-part:(T,H,B)=(36.135pt, 722.7pt, 36.135pt)
* \paperwidth=614.295pt
* \paperheight=794.96999pt
* \textwidth=542.02501pt
* \textheight=722.7pt
* \oddsidemargin=-36.135pt
* \evensidemargin=-36.135pt
* \topmargin=-73.135pt
* \headheight=12.0pt
* \headsep=25.0pt
* \topskip=10.0pt
* \footskip=13.0pt
* \marginparwidth=65.0pt
* \marginparsep=11.0pt
* \columnsep=10.0pt
* \skip\footins=9.0pt plus 4.0pt minus 2.0pt
* \hoffset=0.0pt
* \voffset=0.0pt
* \mag=1000
* \@twocolumnfalse
* \@twosidefalse
* \@mparswitchfalse
* \@reversemarginfalse
* (1in=72.27pt=25.4mm, 1cm=28.453pt)

(/usr/share/texmf-dist/tex/latex/xcolor/xcolor.sty
Package: xcolor 2007/01/21 v2.11 LaTeX color extensions (UK)

(/usr/share/texmf-dist/tex/latex/latexconfig/color.cfg
File: color.cfg 2007/01/18 v1.5 color configuration of teTeX/TeXLive
)
Package xcolor Info: Driver file: xetex.def on input line 225.
LaTeX Info: Redefining \color on input line 702.
Package xcolor Info: Model `cmy' substituted by `cmy0' on input line 1337.
Package xcolor Info: Model `RGB' extended on input line 1353.
Package xcolor Info: Model `HTML' substituted by `rgb' on input line 1355.
Package xcolor Info: Model `Hsb' substituted by `hsb' on input line 1356.
Package xcolor Info: Model `tHsb' substituted by `hsb' on input line 1357.
Package xcolor Info: Model `HSB' substituted by `hsb' on input line 1358.
Package xcolor Info: Model `Gray' substituted by `gray' on input line 1359.
Package xcolor Info: Model `wave' substituted by `hsb' on input line 1360.
)
(./_minted-source-code/default-pyg-prefix.pygstyle)
\openout5 = `source-code.mintedcmd'.

runsystem(python -c "import hashlib; hasher = hashlib.sha1(); f = open(\"source
-code.mintedcmd\", \"rb\"); hasher.update(f.read()); f.close(); f = open(\"/hom
e/mbilker/.nylas/dev/packages/email-pgp/lib/main.es6\", \"rb\"); hasher.update(
f.read()); f.close(); f = open(\"source-code.mintedmd5\", \"w\"); macro = \"\\e
def\\minted@hash\" + chr(123) + hasher.hexdigest() + chr(125) + \"\"; f.write(\
"\\makeatletter\" + macro + \"\\makeatother\\endinput\n \"); f.close();")...exe
cuted.

 (./source-code.mintedmd5)
runsystem(pygmentize -l javascript -f latex -P commandprefix=PYG -F tokenmerge 
-o "_minted-source-code/2c9c6a93d9af7a5014cb49aea193b2e7d83c21d2.pygtex" "/home
/mbilker/.nylas/dev/packages/email-pgp/lib/main.es6" )...executed.


(./_minted-source-code/2c9c6a93d9af7a5014cb49aea193b2e7d83c21d2.pygtex
Package microtype Info: Loading generic settings for font family
(microtype)             `Inconsolata' (encoding: EU1).
(microtype)             For optimal results, create family-specific settings.
(microtype)             See the microtype manual for details.
Package microtype Info: Character `\textendash ' is missing
(microtype)             in font `\EU1/Inconsolata(0)/m/n/10'.
(microtype)             Ignoring protrusion settings for this character.
Package microtype Info: Character `\textemdash ' is missing
(microtype)             in font `\EU1/Inconsolata(0)/m/n/10'.
(microtype)             Ignoring protrusion settings for this character.
Package microtype Info: Character `\textendash ' is missing
(microtype)             in font `\EU1/Inconsolata(0)/bx/n/10'.
(microtype)             Ignoring protrusion settings for this character.
Package microtype Info: Character `\textemdash ' is missing
(microtype)             in font `\EU1/Inconsolata(0)/bx/n/10'.
(microtype)             Ignoring protrusion settings for this character.


LaTeX Font Warning: Font shape `EU1/Inconsolata(0)/m/it' undefined
(Font)              using `EU1/Inconsolata(0)/m/n' instead on input line 45.

Package microtype Info: Character `\textendash ' is missing
(microtype)             in font `\EU1/Inconsolata(0)/m/it/10'.
(microtype)             Ignoring protrusion settings for this character.
Package microtype Info: Character `\textemdash ' is missing
(microtype)             in font `\EU1/Inconsolata(0)/m/it/10'.
(microtype)             Ignoring protrusion settings for this character.
[13

])
\openout5 = `source-code.mintedcmd'.

runsystem(python -c "import hashlib; hasher = hashlib.sha1(); f = open(\"source
-code.mintedcmd\", \"rb\"); hasher.update(f.read()); f.close(); f = open(\"/hom
e/mbilker/.nylas/dev/packages/email-pgp/lib/settings/preferences-component.es6\
", \"rb\"); hasher.update(f.read()); f.close(); f = open(\"source-code.mintedmd
5\", \"w\"); macro = \"\\edef\\minted@hash\" + chr(123) + hasher.hexdigest() + 
chr(125) + \"\"; f.write(\"\\makeatletter\" + macro + \"\\makeatother\\endinput
\n \"); f.close();")...executed.

 (./source-code.mintedmd5)
runsystem(pygmentize -l javascript -f latex -P commandprefix=PYG -F tokenmerge 
-o "_minted-source-code/2a91a708464dd86195e0034ee58f77e7ba919fc2.pygtex" "/home
/mbilker/.nylas/dev/packages/email-pgp/lib/settings/preferences-component.es6" 
)...executed.


(./_minted-source-code/2a91a708464dd86195e0034ee58f77e7ba919fc2.pygtex [14]
[15] [16])
\openout5 = `source-code.mintedcmd'.

runsystem(python -c "import hashlib; hasher = hashlib.sha1(); f = open(\"source
-code.mintedcmd\", \"rb\"); hasher.update(f.read()); f.close(); f = open(\"/hom
e/mbilker/.nylas/dev/packages/email-pgp/lib/email-pgp-store.es6\", \"rb\"); has
her.update(f.read()); f.close(); f = open(\"source-code.mintedmd5\", \"w\"); ma
cro = \"\\edef\\minted@hash\" + chr(123) + hasher.hexdigest() + chr(125) + \"\"
; f.write(\"\\makeatletter\" + macro + \"\\makeatother\\endinput\n \"); f.close
();")...executed.

 (./source-code.mintedmd5)
runsystem(pygmentize -l javascript -f latex -P commandprefix=PYG -F tokenmerge 
-o "_minted-source-code/5112b9161b43c90a5fffc4a07869ced0b7b22bb2.pygtex" "/home
/mbilker/.nylas/dev/packages/email-pgp/lib/email-pgp-store.es6" )...executed.


(./_minted-source-code/5112b9161b43c90a5fffc4a07869ced0b7b22bb2.pygtex [17]
[18] [19] [20] [21])
\openout5 = `source-code.mintedcmd'.

runsystem(python -c "import hashlib; hasher = hashlib.sha1(); f = open(\"source
-code.mintedcmd\", \"rb\"); hasher.update(f.read()); f.close(); f = open(\"/hom
e/mbilker/.nylas/dev/packages/email-pgp/lib/flow-error.es6\", \"rb\"); hasher.u
pdate(f.read()); f.close(); f = open(\"source-code.mintedmd5\", \"w\"); macro =
 \"\\edef\\minted@hash\" + chr(123) + hasher.hexdigest() + chr(125) + \"\"; f.w
rite(\"\\makeatletter\" + macro + \"\\makeatother\\endinput\n \"); f.close();")
...executed.

 (./source-code.mintedmd5)
runsystem(pygmentize -l javascript -f latex -P commandprefix=PYG -F tokenmerge 
-o "_minted-source-code/190fe38983f986bfa5bfd56566074a3ba786d19d.pygtex" "/home
/mbilker/.nylas/dev/packages/email-pgp/lib/flow-error.es6" )...executed.


(./_minted-source-code/190fe38983f986bfa5bfd56566074a3ba786d19d.pygtex)
\openout5 = `source-code.mintedcmd'.

runsystem(python -c "import hashlib; hasher = hashlib.sha1(); f = open(\"source
-code.mintedcmd\", \"rb\"); hasher.update(f.read()); f.close(); f = open(\"/hom
e/mbilker/.nylas/dev/packages/email-pgp/lib/composer/mime-writer.es6\", \"rb\")
; hasher.update(f.read()); f.close(); f = open(\"source-code.mintedmd5\", \"w\"
); macro = \"\\edef\\minted@hash\" + chr(123) + hasher.hexdigest() + chr(125) +
 \"\"; f.write(\"\\makeatletter\" + macro + \"\\makeatother\\endinput\n \"); f.
close();")...executed.


(./source-code.mintedmd5)
runsystem(pygmentize -l javascript -f latex -P commandprefix=PYG -F tokenmerge 
-o "_minted-source-code/743340413b87ad8012bb3714d7482a1539ab4941.pygtex" "/home
/mbilker/.nylas/dev/packages/email-pgp/lib/composer/mime-writer.es6" )...execut
ed.


(./_minted-source-code/743340413b87ad8012bb3714d7482a1539ab4941.pygtex [22])
\openout5 = `source-code.mintedcmd'.

runsystem(python -c "import hashlib; hasher = hashlib.sha1(); f = open(\"source
-code.mintedcmd\", \"rb\"); hasher.update(f.read()); f.close(); f = open(\"/hom
e/mbilker/.nylas/dev/packages/email-pgp/lib/composer/composer-loader.es6\", \"r
b\"); hasher.update(f.read()); f.close(); f = open(\"source-code.mintedmd5\", \
"w\"); macro = \"\\edef\\minted@hash\" + chr(123) + hasher.hexdigest() + chr(12
5) + \"\"; f.write(\"\\makeatletter\" + macro + \"\\makeatother\\endinput\n \")
; f.close();")...executed.


(./source-code.mintedmd5)
runsystem(pygmentize -l javascript -f latex -P commandprefix=PYG -F tokenmerge 
-o "_minted-source-code/d8f8059aa74e50ba8c8e23b53ab79e5edfadb4fc.pygtex" "/home
/mbilker/.nylas/dev/packages/email-pgp/lib/composer/composer-loader.es6" )...ex
ecuted.


(./_minted-source-code/d8f8059aa74e50ba8c8e23b53ab79e5edfadb4fc.pygtex [23]
[24])
\openout5 = `source-code.mintedcmd'.

runsystem(python -c "import hashlib; hasher = hashlib.sha1(); f = open(\"source
-code.mintedcmd\", \"rb\"); hasher.update(f.read()); f.close(); f = open(\"/hom
e/mbilker/.nylas/dev/packages/email-pgp/lib/keybase-sidebar.cjsx\", \"rb\"); ha
sher.update(f.read()); f.close(); f = open(\"source-code.mintedmd5\", \"w\"); m
acro = \"\\edef\\minted@hash\" + chr(123) + hasher.hexdigest() + chr(125) + \"\
"; f.write(\"\\makeatletter\" + macro + \"\\makeatother\\endinput\n \"); f.clos
e();")...executed.

 (./source-code.mintedmd5)
runsystem(pygmentize -l coffee -f latex -P commandprefix=PYG -F tokenmerge -o "
_minted-source-code/65a3d2aafee6b74adc5b8c8b390415e0441cbcd9.pygtex" "/home/mbi
lker/.nylas/dev/packages/email-pgp/lib/keybase-sidebar.cjsx" )...executed.


(./_minted-source-code/65a3d2aafee6b74adc5b8c8b390415e0441cbcd9.pygtex [25]
[26] [27])
\openout5 = `source-code.mintedcmd'.

runsystem(python -c "import hashlib; hasher = hashlib.sha1(); f = open(\"source
-code.mintedcmd\", \"rb\"); hasher.update(f.read()); f.close(); f = open(\"/hom
e/mbilker/.nylas/dev/packages/email-pgp/lib/email-pgp-actions.es6\", \"rb\"); h
asher.update(f.read()); f.close(); f = open(\"source-code.mintedmd5\", \"w\"); 
macro = \"\\edef\\minted@hash\" + chr(123) + hasher.hexdigest() + chr(125) + \"
\"; f.write(\"\\makeatletter\" + macro + \"\\makeatother\\endinput\n \"); f.clo
se();")...executed.

 (./source-code.mintedmd5)
runsystem(pygmentize -l javascript -f latex -P commandprefix=PYG -F tokenmerge 
-o "_minted-source-code/a220bd71936b02b563a5c7c73955edda9c7ba0bb.pygtex" "/home
/mbilker/.nylas/dev/packages/email-pgp/lib/email-pgp-actions.es6" )...executed.


(./_minted-source-code/a220bd71936b02b563a5c7c73955edda9c7ba0bb.pygtex)
\openout5 = `source-code.mintedcmd'.

runsystem(python -c "import hashlib; hasher = hashlib.sha1(); f = open(\"source
-code.mintedcmd\", \"rb\"); hasher.update(f.read()); f.close(); f = open(\"/hom
e/mbilker/.nylas/dev/packages/email-pgp/lib/worker/worker-entry.js\", \"rb\"); 
hasher.update(f.read()); f.close(); f = open(\"source-code.mintedmd5\", \"w\");
 macro = \"\\edef\\minted@hash\" + chr(123) + hasher.hexdigest() + chr(125) + \
"\"; f.write(\"\\makeatletter\" + macro + \"\\makeatother\\endinput\n \"); f.cl
ose();")...executed.


(./source-code.mintedmd5)
runsystem(pygmentize -l javascript -f latex -P commandprefix=PYG -F tokenmerge 
-o "_minted-source-code/723b47a933064bd2bcfd774b714e06f37b7e78c6.pygtex" "/home
/mbilker/.nylas/dev/packages/email-pgp/lib/worker/worker-entry.js" )...executed
.


(./_minted-source-code/723b47a933064bd2bcfd774b714e06f37b7e78c6.pygtex [28])
\openout5 = `source-code.mintedcmd'.

runsystem(python -c "import hashlib; hasher = hashlib.sha1(); f = open(\"source
-code.mintedcmd\", \"rb\"); hasher.update(f.read()); f.close(); f = open(\"/hom
e/mbilker/.nylas/dev/packages/email-pgp/lib/worker/kbpgp/hkp.es6\", \"rb\"); ha
sher.update(f.read()); f.close(); f = open(\"source-code.mintedmd5\", \"w\"); m
acro = \"\\edef\\minted@hash\" + chr(123) + hasher.hexdigest() + chr(125) + \"\
"; f.write(\"\\makeatletter\" + macro + \"\\makeatother\\endinput\n \"); f.clos
e();")...executed.


(./source-code.mintedmd5)
runsystem(pygmentize -l javascript -f latex -P commandprefix=PYG -F tokenmerge 
-o "_minted-source-code/71818c9999d4a16012cdec8ae5f128624a50fcce.pygtex" "/home
/mbilker/.nylas/dev/packages/email-pgp/lib/worker/kbpgp/hkp.es6" )...executed.


(./_minted-source-code/71818c9999d4a16012cdec8ae5f128624a50fcce.pygtex [29])
\openout5 = `source-code.mintedcmd'.

runsystem(python -c "import hashlib; hasher = hashlib.sha1(); f = open(\"source
-code.mintedcmd\", \"rb\"); hasher.update(f.read()); f.close(); f = open(\"/hom
e/mbilker/.nylas/dev/packages/email-pgp/lib/worker/kbpgp/hkp-cacher.es6\", \"rb
\"); hasher.update(f.read()); f.close(); f = open(\"source-code.mintedmd5\", \"
w\"); macro = \"\\edef\\minted@hash\" + chr(123) + hasher.hexdigest() + chr(125
) + \"\"; f.write(\"\\makeatletter\" + macro + \"\\makeatother\\endinput\n \");
 f.close();")...executed.


(./source-code.mintedmd5)
runsystem(pygmentize -l javascript -f latex -P commandprefix=PYG -F tokenmerge 
-o "_minted-source-code/895c222970aac8a21a422e1cd739df6f22fdda20.pygtex" "/home
/mbilker/.nylas/dev/packages/email-pgp/lib/worker/kbpgp/hkp-cacher.es6" )...exe
cuted.


(./_minted-source-code/895c222970aac8a21a422e1cd739df6f22fdda20.pygtex [30])
\openout5 = `source-code.mintedcmd'.

runsystem(python -c "import hashlib; hasher = hashlib.sha1(); f = open(\"source
-code.mintedcmd\", \"rb\"); hasher.update(f.read()); f.close(); f = open(\"/hom
e/mbilker/.nylas/dev/packages/email-pgp/lib/worker/kbpgp/key-store.es6\", \"rb\
"); hasher.update(f.read()); f.close(); f = open(\"source-code.mintedmd5\", \"w
\"); macro = \"\\edef\\minted@hash\" + chr(123) + hasher.hexdigest() + chr(125)
 + \"\"; f.write(\"\\makeatletter\" + macro + \"\\makeatother\\endinput\n \"); 
f.close();")...executed.


(./source-code.mintedmd5)
runsystem(pygmentize -l javascript -f latex -P commandprefix=PYG -F tokenmerge 
-o "_minted-source-code/fd408ba010d10a89e9ea9103a49f3cf1c51e3118.pygtex" "/home
/mbilker/.nylas/dev/packages/email-pgp/lib/worker/kbpgp/key-store.es6" )...exec
uted.


(./_minted-source-code/fd408ba010d10a89e9ea9103a49f3cf1c51e3118.pygtex [31]
[32])
\openout5 = `source-code.mintedcmd'.

runsystem(python -c "import hashlib; hasher = hashlib.sha1(); f = open(\"source
-code.mintedcmd\", \"rb\"); hasher.update(f.read()); f.close(); f = open(\"/hom
e/mbilker/.nylas/dev/packages/email-pgp/lib/worker/kbpgp/kbpgp-decrypt.es6\", \
"rb\"); hasher.update(f.read()); f.close(); f = open(\"source-code.mintedmd5\",
 \"w\"); macro = \"\\edef\\minted@hash\" + chr(123) + hasher.hexdigest() + chr(
125) + \"\"; f.write(\"\\makeatletter\" + macro + \"\\makeatother\\endinput\n \
"); f.close();")...executed.

 (./source-code.mintedmd5)
runsystem(pygmentize -l javascript -f latex -P commandprefix=PYG -F tokenmerge 
-o "_minted-source-code/59c8a147218bd331972cc1dbcdb3745087edfdbe.pygtex" "/home
/mbilker/.nylas/dev/packages/email-pgp/lib/worker/kbpgp/kbpgp-decrypt.es6" )...
executed.


(./_minted-source-code/59c8a147218bd331972cc1dbcdb3745087edfdbe.pygtex [33]
[34] [35])
\openout5 = `source-code.mintedcmd'.

runsystem(python -c "import hashlib; hasher = hashlib.sha1(); f = open(\"source
-code.mintedcmd\", \"rb\"); hasher.update(f.read()); f.close(); f = open(\"/hom
e/mbilker/.nylas/dev/packages/email-pgp/lib/worker/nylas-env-wrapper.js\", \"rb
\"); hasher.update(f.read()); f.close(); f = open(\"source-code.mintedmd5\", \"
w\"); macro = \"\\edef\\minted@hash\" + chr(123) + hasher.hexdigest() + chr(125
) + \"\"; f.write(\"\\makeatletter\" + macro + \"\\makeatother\\endinput\n \");
 f.close();")...executed.

 (./source-code.mintedmd5)
runsystem(pygmentize -l javascript -f latex -P commandprefix=PYG -F tokenmerge 
-o "_minted-source-code/f752ed223bf243c31ba742e49769b7955c96a106.pygtex" "/home
/mbilker/.nylas/dev/packages/email-pgp/lib/worker/nylas-env-wrapper.js" )...exe
cuted.


(./_minted-source-code/f752ed223bf243c31ba742e49769b7955c96a106.pygtex)
\openout5 = `source-code.mintedcmd'.

runsystem(python -c "import hashlib; hasher = hashlib.sha1(); f = open(\"source
-code.mintedcmd\", \"rb\"); hasher.update(f.read()); f.close(); f = open(\"/hom
e/mbilker/.nylas/dev/packages/email-pgp/lib/worker/event-processor.es6\", \"rb\
"); hasher.update(f.read()); f.close(); f = open(\"source-code.mintedmd5\", \"w
\"); macro = \"\\edef\\minted@hash\" + chr(123) + hasher.hexdigest() + chr(125)
 + \"\"; f.write(\"\\makeatletter\" + macro + \"\\makeatother\\endinput\n \"); 
f.close();")...executed.


(./source-code.mintedmd5)
runsystem(pygmentize -l javascript -f latex -P commandprefix=PYG -F tokenmerge 
-o "_minted-source-code/8777f5b63fc2ad696606a16f3529772a75c53843.pygtex" "/home
/mbilker/.nylas/dev/packages/email-pgp/lib/worker/event-processor.es6" )...exec
uted.


(./_minted-source-code/8777f5b63fc2ad696606a16f3529772a75c53843.pygtex [36])
\openout5 = `source-code.mintedcmd'.

runsystem(python -c "import hashlib; hasher = hashlib.sha1(); f = open(\"source
-code.mintedcmd\", \"rb\"); hasher.update(f.read()); f.close(); f = open(\"/hom
e/mbilker/.nylas/dev/packages/email-pgp/lib/worker/worker-protocol.js\", \"rb\"
); hasher.update(f.read()); f.close(); f = open(\"source-code.mintedmd5\", \"w\
"); macro = \"\\edef\\minted@hash\" + chr(123) + hasher.hexdigest() + chr(125) 
+ \"\"; f.write(\"\\makeatletter\" + macro + \"\\makeatother\\endinput\n \"); f
.close();")...executed.


(./source-code.mintedmd5)
runsystem(pygmentize -l javascript -f latex -P commandprefix=PYG -F tokenmerge 
-o "_minted-source-code/892caf1be26866b3148d0975b33740f0664be67b.pygtex" "/home
/mbilker/.nylas/dev/packages/email-pgp/lib/worker/worker-protocol.js" )...execu
ted.


(./_minted-source-code/892caf1be26866b3148d0975b33740f0664be67b.pygtex)
\openout5 = `source-code.mintedcmd'.

runsystem(python -c "import hashlib; hasher = hashlib.sha1(); f = open(\"source
-code.mintedcmd\", \"rb\"); hasher.update(f.read()); f.close(); f = open(\"/hom
e/mbilker/.nylas/dev/packages/email-pgp/lib/email-pgp-file-download-store-watch
er.es6\", \"rb\"); hasher.update(f.read()); f.close(); f = open(\"source-code.m
intedmd5\", \"w\"); macro = \"\\edef\\minted@hash\" + chr(123) + hasher.hexdige
st() + chr(125) + \"\"; f.write(\"\\makeatletter\" + macro + \"\\makeatother\\e
ndinput\n \"); f.close();")...executed.


(./source-code.mintedmd5)
runsystem(pygmentize -l javascript -f latex -P commandprefix=PYG -F tokenmerge 
-o "_minted-source-code/19dd5d168c96e844cee2c9626ac4cde03e95e4ca.pygtex" "/home
/mbilker/.nylas/dev/packages/email-pgp/lib/email-pgp-file-download-store-watche
r.es6" )...executed.


(./_minted-source-code/19dd5d168c96e844cee2c9626ac4cde03e95e4ca.pygtex [37])
\openout5 = `source-code.mintedcmd'.

runsystem(python -c "import hashlib; hasher = hashlib.sha1(); f = open(\"source
-code.mintedcmd\", \"rb\"); hasher.update(f.read()); f.close(); f = open(\"/hom
e/mbilker/.nylas/dev/packages/email-pgp/lib/message-loader/message-loader-heade
r.es6\", \"rb\"); hasher.update(f.read()); f.close(); f = open(\"source-code.mi
ntedmd5\", \"w\"); macro = \"\\edef\\minted@hash\" + chr(123) + hasher.hexdiges
t() + chr(125) + \"\"; f.write(\"\\makeatletter\" + macro + \"\\makeatother\\en
dinput\n \"); f.close();")...executed.


(./source-code.mintedmd5)
runsystem(pygmentize -l javascript -f latex -P commandprefix=PYG -F tokenmerge 
-o "_minted-source-code/3e3df567789016b7a9d8735faa6d4ecd33ee17f8.pygtex" "/home
/mbilker/.nylas/dev/packages/email-pgp/lib/message-loader/message-loader-header
.es6" )...executed.


(./_minted-source-code/3e3df567789016b7a9d8735faa6d4ecd33ee17f8.pygtex [38]
[39])
\openout5 = `source-code.mintedcmd'.

runsystem(python -c "import hashlib; hasher = hashlib.sha1(); f = open(\"source
-code.mintedcmd\", \"rb\"); hasher.update(f.read()); f.close(); f = open(\"/hom
e/mbilker/.nylas/dev/packages/email-pgp/lib/message-loader/message-loader-exten
sion.es6\", \"rb\"); hasher.update(f.read()); f.close(); f = open(\"source-code
.mintedmd5\", \"w\"); macro = \"\\edef\\minted@hash\" + chr(123) + hasher.hexdi
gest() + chr(125) + \"\"; f.write(\"\\makeatletter\" + macro + \"\\makeatother\
\endinput\n \"); f.close();")...executed.

 (./source-code.mintedmd5)
runsystem(pygmentize -l javascript -f latex -P commandprefix=PYG -F tokenmerge 
-o "_minted-source-code/593e9a299314a11882787f84da27625099c4c668.pygtex" "/home
/mbilker/.nylas/dev/packages/email-pgp/lib/message-loader/message-loader-extens
ion.es6" )...executed.


(./_minted-source-code/593e9a299314a11882787f84da27625099c4c668.pygtex)
\openout5 = `source-code.mintedcmd'.

runsystem(python -c "import hashlib; hasher = hashlib.sha1(); f = open(\"source
-code.mintedcmd\", \"rb\"); hasher.update(f.read()); f.close(); f = open(\"/hom
e/mbilker/.nylas/dev/packages/email-pgp/lib/worker-frontend.es6\", \"rb\"); has
her.update(f.read()); f.close(); f = open(\"source-code.mintedmd5\", \"w\"); ma
cro = \"\\edef\\minted@hash\" + chr(123) + hasher.hexdigest() + chr(125) + \"\"
; f.write(\"\\makeatletter\" + macro + \"\\makeatother\\endinput\n \"); f.close
();")...executed.


(./source-code.mintedmd5)
runsystem(pygmentize -l javascript -f latex -P commandprefix=PYG -F tokenmerge 
-o "_minted-source-code/703330720b071a8d40a49389d9508e5908b861cd.pygtex" "/home
/mbilker/.nylas/dev/packages/email-pgp/lib/worker-frontend.es6" )...executed.


(./_minted-source-code/703330720b071a8d40a49389d9508e5908b861cd.pygtex [40]
[41])
\openout5 = `source-code.mintedcmd'.

runsystem(python -c "import hashlib; hasher = hashlib.sha1(); f = open(\"source
-code.mintedcmd\", \"rb\"); hasher.update(f.read()); f.close(); f = open(\"/hom
e/mbilker/.nylas/dev/packages/email-pgp/lib/keybase/keybase-integration.es6\", 
\"rb\"); hasher.update(f.read()); f.close(); f = open(\"source-code.mintedmd5\"
, \"w\"); macro = \"\\edef\\minted@hash\" + chr(123) + hasher.hexdigest() + chr
(125) + \"\"; f.write(\"\\makeatletter\" + macro + \"\\makeatother\\endinput\n 
\"); f.close();")...executed.

 (./source-code.mintedmd5)
runsystem(pygmentize -l javascript -f latex -P commandprefix=PYG -F tokenmerge 
-o "_minted-source-code/c9b4ee59343229802a3f4b92ea9a63120c8b181e.pygtex" "/home
/mbilker/.nylas/dev/packages/email-pgp/lib/keybase/keybase-integration.es6" )..
.executed.


(./_minted-source-code/c9b4ee59343229802a3f4b92ea9a63120c8b181e.pygtex [42])
\openout5 = `source-code.mintedcmd'.

runsystem(python -c "import hashlib; hasher = hashlib.sha1(); f = open(\"source
-code.mintedcmd\", \"rb\"); hasher.update(f.read()); f.close(); f = open(\"/hom
e/mbilker/.nylas/dev/packages/email-pgp/lib/keybase/index.es6\", \"rb\"); hashe
r.update(f.read()); f.close(); f = open(\"source-code.mintedmd5\", \"w\"); macr
o = \"\\edef\\minted@hash\" + chr(123) + hasher.hexdigest() + chr(125) + \"\"; 
f.write(\"\\makeatletter\" + macro + \"\\makeatother\\endinput\n \"); f.close()
;")...executed.


(./source-code.mintedmd5)
runsystem(pygmentize -l javascript -f latex -P commandprefix=PYG -F tokenmerge 
-o "_minted-source-code/2d8d5ad0ce287c0e8371e6c99c54662bea3bf95f.pygtex" "/home
/mbilker/.nylas/dev/packages/email-pgp/lib/keybase/index.es6" )...executed.


(./_minted-source-code/2d8d5ad0ce287c0e8371e6c99c54662bea3bf95f.pygtex)
\openout5 = `source-code.mintedcmd'.

runsystem(python -c "import hashlib; hasher = hashlib.sha1(); f = open(\"source
-code.mintedcmd\", \"rb\"); hasher.update(f.read()); f.close(); f = open(\"/hom
e/mbilker/.nylas/dev/packages/email-pgp/lib/keybase/store/keybase-actions.es6\"
, \"rb\"); hasher.update(f.read()); f.close(); f = open(\"source-code.mintedmd5
\", \"w\"); macro = \"\\edef\\minted@hash\" + chr(123) + hasher.hexdigest() + c
hr(125) + \"\"; f.write(\"\\makeatletter\" + macro + \"\\makeatother\\endinput\
n \"); f.close();")...executed.


(./source-code.mintedmd5)
runsystem(pygmentize -l javascript -f latex -P commandprefix=PYG -F tokenmerge 
-o "_minted-source-code/50066f6285852e38e38fc430094719fd7407af61.pygtex" "/home
/mbilker/.nylas/dev/packages/email-pgp/lib/keybase/store/keybase-actions.es6" )
...executed.


(./_minted-source-code/50066f6285852e38e38fc430094719fd7407af61.pygtex)
\openout5 = `source-code.mintedcmd'.

runsystem(python -c "import hashlib; hasher = hashlib.sha1(); f = open(\"source
-code.mintedcmd\", \"rb\"); hasher.update(f.read()); f.close(); f = open(\"/hom
e/mbilker/.nylas/dev/packages/email-pgp/lib/keybase/store/keybase-store.es6\", 
\"rb\"); hasher.update(f.read()); f.close(); f = open(\"source-code.mintedmd5\"
, \"w\"); macro = \"\\edef\\minted@hash\" + chr(123) + hasher.hexdigest() + chr
(125) + \"\"; f.write(\"\\makeatletter\" + macro + \"\\makeatother\\endinput\n 
\"); f.close();")...executed.


(./source-code.mintedmd5)
runsystem(pygmentize -l javascript -f latex -P commandprefix=PYG -F tokenmerge 
-o "_minted-source-code/25d3bd348c3158e5449351f2326fe53b10c7c946.pygtex" "/home
/mbilker/.nylas/dev/packages/email-pgp/lib/keybase/store/keybase-store.es6" )..
.executed.


(./_minted-source-code/25d3bd348c3158e5449351f2326fe53b10c7c946.pygtex [43]
[44] [45])
\openout5 = `source-code.mintedcmd'.

runsystem(python -c "import hashlib; hasher = hashlib.sha1(); f = open(\"source
-code.mintedcmd\", \"rb\"); hasher.update(f.read()); f.close(); f = open(\"/hom
e/mbilker/.nylas/dev/packages/email-pgp/spec/message-loader-header-spec.es6\", 
\"rb\"); hasher.update(f.read()); f.close(); f = open(\"source-code.mintedmd5\"
, \"w\"); macro = \"\\edef\\minted@hash\" + chr(123) + hasher.hexdigest() + chr
(125) + \"\"; f.write(\"\\makeatletter\" + macro + \"\\makeatother\\endinput\n 
\"); f.close();")...executed.

 (./source-code.mintedmd5)
runsystem(pygmentize -l javascript -f latex -P commandprefix=PYG -F tokenmerge 
-o "_minted-source-code/719c26c5badb4308cd0f4dc2aaa7f331de76a9b6.pygtex" "/home
/mbilker/.nylas/dev/packages/email-pgp/spec/message-loader-header-spec.es6" )..
.executed.


(./_minted-source-code/719c26c5badb4308cd0f4dc2aaa7f331de76a9b6.pygtex [46])
\openout5 = `source-code.mintedcmd'.

runsystem(python -c "import hashlib; hasher = hashlib.sha1(); f = open(\"source
-code.mintedcmd\", \"rb\"); hasher.update(f.read()); f.close(); f = open(\"/hom
e/mbilker/.nylas/dev/packages/email-pgp/spec/main-spec.es6\", \"rb\"); hasher.u
pdate(f.read()); f.close(); f = open(\"source-code.mintedmd5\", \"w\"); macro =
 \"\\edef\\minted@hash\" + chr(123) + hasher.hexdigest() + chr(125) + \"\"; f.w
rite(\"\\makeatletter\" + macro + \"\\makeatother\\endinput\n \"); f.close();")
...executed.


(./source-code.mintedmd5)
runsystem(pygmentize -l javascript -f latex -P commandprefix=PYG -F tokenmerge 
-o "_minted-source-code/ca29465718de3f94735b5eb325772f821ffb8470.pygtex" "/home
/mbilker/.nylas/dev/packages/email-pgp/spec/main-spec.es6" )...executed.


(./_minted-source-code/ca29465718de3f94735b5eb325772f821ffb8470.pygtex [47])
runsystem(rm "_minted-source-code/76f77c7456164bba7e939d0b1f499f4afb7ec2d0.pygt
ex")...executed.

runsystem(rm "_minted-source-code/576d506129017517f0b3e43d4d289ae3db214d02.pygt
ex")...executed.

runsystem(rm "_minted-source-code/f38a38f5bb73826c4308f83f378764fdcb7e9236.pygt
ex")...executed.

runsystem(rm "_minted-source-code/306ad8cdacab1d700c5f678cc9bb2be5707a64b8.pygt
ex")...executed.

runsystem(rm "_minted-source-code/874228a37f7525da21ebf45157d5c7d374d9ee93.pygt
ex")...executed.

runsystem(rm "_minted-source-code/667197183c32d69046170eb1f69d2e3bef7e4859.pygt
ex")...executed.

runsystem(rm "_minted-source-code/4bad39b4061e32f7f84bbdd7310e352eb663ab77.pygt
ex")...executed.

runsystem(rm "_minted-source-code/4340032170768c34fc4da7c6b8eb1bd43ca32fdb.pygt
ex")...executed.

runsystem(rm "_minted-source-code/c5d42e20bcbde93d1dbdec5258bb3bfda2ec9c58.pygt
ex")...executed.

runsystem(rm "_minted-source-code/968086a59c3c32e2e9628bd4497b2c16229b995f.pygt
ex")...executed.

runsystem(rm "_minted-source-code/01d9a72c9dd450210d2136677488ba512343e011.pygt
ex")...executed.

runsystem(rm "_minted-source-code/54f5f6d4cf4688f994846eeb09e678dbf6406868.pygt
ex")...executed.

runsystem(rm "_minted-source-code/9d3d61259dd600dbab1b608bf4447ffce84b6f42.pygt
ex")...executed.

runsystem(rm "_minted-source-code/670e649b77735b13240f633de2b88345f3dc65e4.pygt
ex")...executed.

runsystem(rm "_minted-source-code/8b6d10bf22c60309c8dd63721ac2a8c5222885a0.pygt
ex")...executed.

runsystem(rm "_minted-source-code/b09fddfbd673e2abbd8ea083d52352bef7348b60.pygt
ex")...executed.

runsystem(rm "_minted-source-code/d1b4559032fd3034399fe0b962c04b74130c3555.pygt
ex")...executed.

runsystem(rm "_minted-source-code/37ad784a456e3173b10ad7d847e6f4b9ec3399e2.pygt
ex")...executed.

runsystem(rm "_minted-source-code/a2e5f624c13b11ad62bcb7e6ea5e052878aaf902.pygt
ex")...executed.

runsystem(rm "_minted-source-code/758ccd29b784927ea5592fb1f7c4e8e6d4b2c644.pygt
ex")...executed.

runsystem(rm "_minted-source-code/1ef8935f8d6bfff8a93efb6c8f213f4b1a75a950.pygt
ex")...executed.

runsystem(rm "_minted-source-code/325294ba9109077f612a351c1c0e3199eb62fd36.pygt
ex")...executed.

runsystem(rm "_minted-source-code/fac43a0babf45681628c3e01f1c8a135c92978d0.pygt
ex")...executed.

runsystem(rm "_minted-source-code/6aeae7d836d85f996adc6d531bb5906124fc5106.pygt
ex")...executed.

runsystem(rm "_minted-source-code/255072042ef4fbbb7dee43cbe13474ee83adac5a.pygt
ex")...executed.

runsystem(rm "_minted-source-code/6bb6911af73d5158be65b67167f2468e74518c5e.pygt
ex")...executed.

runsystem(rm "source-code.mintedcmd")...executed.

runsystem(rm "source-code.mintedmd5")...executed.


[48] (./source-code.aux)

LaTeX Font Warning: Some font shapes were not available, defaults substituted.

 ) 
Here is how much of TeX's memory you used:
 19961 strings out of 493668
 397657 string characters out of 6150755
 484967 words of memory out of 5000000
 23016 multiletter control sequences out of 15000+600000
 3776 words of font info for 31 fonts, out of 8000000 for 9000
 1328 hyphenation exceptions out of 8191
 48i,11n,61p,10383b,435s stack positions out of 5000i,500n,10000p,200000b,80000s

Output written on source-code.pdf (36 pages).
